2026-04-10 18:16:56  === SCRIPT STARTED === args: 
2026-04-10 18:16:56  LAUNCHER mode
2026-04-10 18:16:57  Launcher done
2026-04-10 18:16:57  === SCRIPT STARTED === args: -hidden
2026-04-10 18:16:57  MODE: -hidden
2026-04-10 18:16:57  quranData: 114 surahs
2026-04-10 18:16:57  mode=equalBoth verses=5 fullSurah=False reciter=none
2026-04-10 18:16:57  No audio (none)
2026-04-10 18:16:57  currentMode=khatma
2026-04-10 18:16:57  chars=164 base=15s mult=1 read=15s
2026-04-10 18:16:57  hasAudio=False  audioList length=0
2026-04-10 18:16:57  Payload -> C:\Users\MDJMi\AppData\Local\Temp\quran_payload_20260410_181657.json
2026-04-10 18:16:57  -hidden done
2026-04-10 18:16:58  === SCRIPT STARTED === args: -popupfile C:\Users\MDJMi\AppData\Local\Temp\quran_payload_20260410_181657.json
2026-04-10 18:16:58  MODE: -popupfile
2026-04-10 18:16:58  Payload file: C:\Users\MDJMi\AppData\Local\Temp\quran_payload_20260410_181657.json  exists=True
2026-04-10 18:16:58  === SCRIPT STARTED === args: -popup {"headerTitle":"ختمة  ·  الفاتحة  (آية 5-1)","readSeconds":15,"hasAudio":false,"surahFile":"C:\\Users\\MDJMi\\AppData\\Local\\Temp\\quran_surah_20260410_181657.txt","audioList":"","verseText":"بِسۡمِ ٱللَّهِ ٱلرَّحۡمَٰنِ ٱلرَّحِيمِ ﴿1﴾  ٱلۡحَمۡدُ لِلَّهِ رَبِّ ٱلۡعَٰلَمِينَ ﴿2﴾  ٱلرَّحۡمَٰنِ ٱلرَّحِيمِ ﴿3﴾  مَٰلِكِ يَوۡمِ ٱلدِّينِ ﴿4﴾  إِيَّاكَ نَعۡبُدُ وَإِيَّاكَ نَسۡتَعِينُ ﴿5﴾ ","isKhatma":true,"scriptPath":"C:\\Home\\Documents\\Projects\\HourlyQuran\\hourlyQuran.ps1"}

2026-04-10 18:16:58  MODE: -popup
2026-04-10 18:16:58  headerTitle=ختمة  ·  الفاتحة  (آية 5-1)  isKhatma=True  readSeconds=15  hasAudio=False
2026-04-10 18:16:58  Window loaded OK
2026-04-10 18:16:58  ContentRendered
2026-04-10 18:16:59  Playing: audio/notificationKhitma.wav
2026-04-10 18:17:02  ShowDialog returned
